Using pre-set license
Built from '2021.2/staging' branch; Version is '2021.2.9f1 (921b45a28ab6) revision 9575237'; Using compiler version '192829333'; Build Type 'Release'
OS: 'Windows 10  (10.0.19044) 64bit Core' Language: 'fr' Physical Memory: 32718 MB
BatchMode: 1, IsHumanControllingUs: 0, StartBugReporterOnCrash: 0, Is64bit: 1, IsPro: 0

COMMAND LINE ARGUMENTS:
C:\Program Files\Unity\Hub\Editor\2021.2.9f1\Editor\Unity.exe
-adb2
-batchMode
-noUpm
-name
AssetImportWorker0
-projectPath
C:/GamePrototype/The Son Within/TheSonWithin_GIT/The Son Within
-logFile
Logs/AssetImportWorker0.log
-srvPort
53749
Successfully changed project path to: C:/GamePrototype/The Son Within/TheSonWithin_GIT/The Son Within
C:/GamePrototype/The Son Within/TheSonWithin_GIT/The Son Within
[UnityMemory] Configuration Parameters - Can be set up in boot.config
    "memorysetup-bucket-allocator-granularity=16"
    "memorysetup-bucket-allocator-bucket-count=8"
    "memorysetup-bucket-allocator-block-size=33554432"
    "memorysetup-bucket-allocator-block-count=8"
    "memorysetup-main-allocator-block-size=16777216"
    "memorysetup-thread-allocator-block-size=16777216"
    "memorysetup-gfx-main-allocator-block-size=16777216"
    "memorysetup-gfx-thread-allocator-block-size=16777216"
    "memorysetup-cache-allocator-block-size=4194304"
    "memorysetup-typetree-allocator-block-size=2097152"
    "memorysetup-profiler-bucket-allocator-granularity=16"
    "memorysetup-profiler-bucket-allocator-bucket-count=8"
    "memorysetup-profiler-bucket-allocator-block-size=33554432"
    "memorysetup-profiler-bucket-allocator-block-count=8"
    "memorysetup-profiler-allocator-block-size=16777216"
    "memorysetup-profiler-editor-allocator-block-size=1048576"
    "memorysetup-temp-allocator-size-main=16777216"
    "memorysetup-job-temp-allocator-block-size=2097152"
    "memorysetup-job-temp-allocator-block-size-background=1048576"
    "memorysetup-job-temp-allocator-reduction-small-platforms=262144"
    "memorysetup-temp-allocator-size-background-worker=32768"
    "memorysetup-temp-allocator-size-job-worker=262144"
    "memorysetup-temp-allocator-size-preload-manager=33554432"
    "memorysetup-temp-allocator-size-nav-mesh-worker=65536"
    "memorysetup-temp-allocator-size-audio-worker=65536"
    "memorysetup-temp-allocator-size-cloud-worker=32768"
    "memorysetup-temp-allocator-size-gi-baking-worker=262144"
    "memorysetup-temp-allocator-size-gfx=262144"
Refreshing native plugins compatible for Editor in 161.66 ms, found 6 plugins.
Preloading 0 native plugins for Editor in 0.00 ms.
Initialize engine version: 2021.2.9f1 (921b45a28ab6)
[Subsystems] Discovering subsystems at path C:/Program Files/Unity/Hub/Editor/2021.2.9f1/Editor/Data/Resources/UnitySubsystems
[Subsystems] Discovering subsystems at path C:/GamePrototype/The Son Within/TheSonWithin_GIT/The Son Within/Assets
GfxDevice: creating device client; threaded=0; jobified=0
Direct3D:
    Version:  Direct3D 11.0 [level 11.1]
    Renderer: AMD Radeon R9 200 Series (ID=0x67b0)
    Vendor:   ATI
    VRAM:     4071 MB
    Driver:   27.20.20903.8001
Initialize mono
Mono path[0] = 'C:/Program Files/Unity/Hub/Editor/2021.2.9f1/Editor/Data/Managed'
Mono path[1] = 'C:/Program Files/Unity/Hub/Editor/2021.2.9f1/Editor/Data/MonoBleedingEdge/lib/mono/unityjit-win32'
Mono config path = 'C:/Program Files/Unity/Hub/Editor/2021.2.9f1/Editor/Data/MonoBleedingEdge/etc'
Using monoOptions --debugger-agent=transport=dt_socket,embedding=1,server=y,suspend=n,address=127.0.0.1:56804
Begin MonoManager ReloadAssembly
Registering precompiled unity dll's ...
Register platform support module: C:/Program Files/Unity/Hub/Editor/2021.2.9f1/Editor/Data/PlaybackEngines/WebGLSupport/UnityEditor.WebGL.Extensions.dll
Register platform support module: C:/Program Files/Unity/Hub/Editor/2021.2.9f1/Editor/Data/PlaybackEngines/WindowsStandaloneSupport/UnityEditor.WindowsStandalone.Extensions.dll
Registered in 0.013113 seconds.
Native extension for WindowsStandalone target not found
Native extension for WebGL target not found
Refreshing native plugins compatible for Editor in 138.74 ms, found 6 plugins.
Preloading 0 native plugins for Editor in 0.00 ms.
Mono: successfully reloaded assembly
- Completed reload, in  0.755 seconds
Domain Reload Profiling:
	ReloadAssembly (756ms)
		BeginReloadAssembly (90ms)
			ExecutionOrderSort (0ms)
			DisableScriptedObjects (0ms)
			BackupInstance (0ms)
			ReleaseScriptingObjects (0ms)
			CreateAndSetChildDomain (1ms)
		EndReloadAssembly (566ms)
			LoadAssemblies (87ms)
			RebuildTransferFunctionScriptingTraits (0ms)
			SetupTypeCache (111ms)
			ReleaseScriptCaches (0ms)
			RebuildScriptCaches (29ms)
			SetupLoadedEditorAssemblies (361ms)
				LogAssemblyErrors (0ms)
				InitializePlatformSupportModulesInManaged (21ms)
				SetLoadedEditorAssemblies (0ms)
				RefreshPlugins (139ms)
				BeforeProcessingInitializeOnLoad (1ms)
				ProcessInitializeOnLoadAttributes (153ms)
				ProcessInitializeOnLoadMethodAttributes (47ms)
				AfterProcessingInitializeOnLoad (0ms)
				EditorAssembliesLoaded (0ms)
			ExecutionOrderSort2 (0ms)
			AwakeInstancesAfterBackupRestoration (0ms)
Platform modules already initialized, skipping
Registering precompiled user dll's ...
Registered in 0.017286 seconds.
Begin MonoManager ReloadAssembly
Symbol file LoadedFromMemory doesn't match image C:\GamePrototype\The Son Within\TheSonWithin_GIT\The Son Within\Library\PackageCache\com.unity.visualscripting@1.7.6\Editor\VisualScripting.Core\Dependencies\DotNetZip\Unity.VisualScripting.IonicZip.dll
Symbol file LoadedFromMemory doesn't match image C:\GamePrototype\The Son Within\TheSonWithin_GIT\The Son Within\Library\PackageCache\com.unity.visualscripting@1.7.6\Editor\VisualScripting.Core\Dependencies\YamlDotNet\Unity.VisualScripting.YamlDotNet.dll
Native extension for WindowsStandalone target not found
Native extension for WebGL target not found
Refreshing native plugins compatible for Editor in 1.45 ms, found 6 plugins.
Preloading 0 native plugins for Editor in 0.00 ms.
Mono: successfully reloaded assembly
- Completed reload, in  1.342 seconds
Domain Reload Profiling:
	ReloadAssembly (1343ms)
		BeginReloadAssembly (134ms)
			ExecutionOrderSort (0ms)
			DisableScriptedObjects (6ms)
			BackupInstance (0ms)
			ReleaseScriptingObjects (0ms)
			CreateAndSetChildDomain (22ms)
		EndReloadAssembly (1090ms)
			LoadAssemblies (114ms)
			RebuildTransferFunctionScriptingTraits (0ms)
			SetupTypeCache (318ms)
			ReleaseScriptCaches (1ms)
			RebuildScriptCaches (99ms)
			SetupLoadedEditorAssemblies (516ms)
				LogAssemblyErrors (0ms)
				InitializePlatformSupportModulesInManaged (16ms)
				SetLoadedEditorAssemblies (0ms)
				RefreshPlugins (2ms)
				BeforeProcessingInitializeOnLoad (136ms)
				ProcessInitializeOnLoadAttributes (313ms)
				ProcessInitializeOnLoadMethodAttributes (34ms)
				AfterProcessingInitializeOnLoad (15ms)
				EditorAssembliesLoaded (0ms)
			ExecutionOrderSort2 (0ms)
			AwakeInstancesAfterBackupRestoration (7ms)
Platform modules already initialized, skipping
========================================================================
Worker process is ready to serve import requests
Launched and connected shader compiler UnityShaderCompiler.exe after 0.05 seconds
Refreshing native plugins compatible for Editor in 1.37 ms, found 6 plugins.
Preloading 0 native plugins for Editor in 0.00 ms.
Unloading 4967 Unused Serialized files (Serialized files now loaded: 0)
Unloading 124 unused Assets / (6.6 MB). Loaded Objects now: 5346.
Memory consumption went from 209.0 MB to 202.4 MB.
Total: 6.304500 ms (FindLiveObjects: 0.543300 ms CreateObjectMapping: 0.176000 ms MarkObjects: 3.441900 ms  DeleteObjects: 2.141900 ms)

AssetImportParameters requested are different than current active one (requested -> active):
  custom:video-decoder-ogg-theora: a1e56fd34408186e4bbccfd4996cb3dc -> 
  custom:container-muxer-webm: aa71ff27fc2769a1b78a27578f13a17b -> 
  custom:container-demuxer-webm: 4f35f7cbe854078d1ac9338744f61a02 -> 
  custom:video-encoder-webm-vp8: eb34c28f22e8b96e1ab97ce403110664 -> 
  custom:audio-encoder-webm-vorbis: bf7c407c2cedff20999df2af8eb42d56 -> 
  custom:framework-win-MediaFoundation: 216162199b28c13a410421893ffa2e32 -> 
  custom:container-demuxer-ogg: 62fdf1f143b41e24485cea50d1cbac27 -> 
  custom:video-decoder-webm-vp8: 9c59270c3fd7afecdb556c50c9e8de78 -> 
  custom:audio-decoder-ogg-vorbis: bf7c407c2cedff20999df2af8eb42d56 -> 
========================================================================
Received Import Request.
  Time since last request: 363423.451076 seconds.
  path: Assets/AdventureCreator/Downloads
  artifactKey: Guid(2ff289e5f4c519c41a42eadf48451829) Importer(815301076,1909f56bfc062723c751e8b465ee728b)
Start importing Assets/AdventureCreator/Downloads using Guid(2ff289e5f4c519c41a42eadf48451829) Importer(815301076,1909f56bfc062723c751e8b465ee728b)  -> (artifact id: '825a27a742b850e982afb8e367c236de') in 0.010568 seconds 
========================================================================
Received Import Request.
  Time since last request: 0.000021 seconds.
  path: Assets/AdventureCreator
  artifactKey: Guid(00ee75c6d89b5d9459a84840a1253791) Importer(815301076,1909f56bfc062723c751e8b465ee728b)
Start importing Assets/AdventureCreator using Guid(00ee75c6d89b5d9459a84840a1253791) Importer(815301076,1909f56bfc062723c751e8b465ee728b)  -> (artifact id: 'c417b492389c7d4fcc513678ec94bf35') in 0.001918 seconds 
========================================================================
Received Import Request.
  Time since last request: 0.725991 seconds.
  path: Assets/AdventureCreator/Downloads/Gabriel Knight conversations
  artifactKey: Guid(63440b9993e804eb48ec6b915e0b5639) Importer(815301076,1909f56bfc062723c751e8b465ee728b)
Start importing Assets/AdventureCreator/Downloads/Gabriel Knight conversations using Guid(63440b9993e804eb48ec6b915e0b5639) Importer(815301076,1909f56bfc062723c751e8b465ee728b)  -> (artifact id: '634f3036dbf48abcbf852aa708c0873f') in 0.002471 seconds 
========================================================================
Received Import Request.
  Time since last request: 0.023447 seconds.
  path: Assets/AdventureCreator/Downloads/Gabriel Knight conversations/GKConversation_MenuManager.asset
  artifactKey: Guid(cbe164fcb253e4048affcd0125780544) Importer(815301076,1909f56bfc062723c751e8b465ee728b)
Start importing Assets/AdventureCreator/Downloads/Gabriel Knight conversations/GKConversation_MenuManager.asset using Guid(cbe164fcb253e4048affcd0125780544) Importer(815301076,1909f56bfc062723c751e8b465ee728b)  -> (artifact id: '21b4c031dd2ecae274bb03d507385e71') in 0.035280 seconds 
========================================================================
Received Import Request.
  Time since last request: 1.642285 seconds.
  path: Assets/AdventureCreator/Downloads/Gabriel Knight conversations/GabrielKnightExample.unity
  artifactKey: Guid(eb3eba2fc4a48437a8683e518a956df8) Importer(815301076,1909f56bfc062723c751e8b465ee728b)
Start importing Assets/AdventureCreator/Downloads/Gabriel Knight conversations/GabrielKnightExample.unity using Guid(eb3eba2fc4a48437a8683e518a956df8) Importer(815301076,1909f56bfc062723c751e8b465ee728b)  -> (artifact id: 'a9e832c0b17e7246f0a5f4ae4185002d') in 0.002930 seconds 
========================================================================
Received Prepare
Registering precompiled user dll's ...
Registered in 0.016797 seconds.
Begin MonoManager ReloadAssembly
Symbol file LoadedFromMemory doesn't match image C:\GamePrototype\The Son Within\TheSonWithin_GIT\The Son Within\Library\PackageCache\com.unity.visualscripting@1.7.6\Editor\VisualScripting.Core\Dependencies\DotNetZip\Unity.VisualScripting.IonicZip.dll
Symbol file LoadedFromMemory doesn't match image C:\GamePrototype\The Son Within\TheSonWithin_GIT\The Son Within\Library\PackageCache\com.unity.visualscripting@1.7.6\Editor\VisualScripting.Core\Dependencies\YamlDotNet\Unity.VisualScripting.YamlDotNet.dll
Native extension for WindowsStandalone target not found
Native extension for WebGL target not found
Refreshing native plugins compatible for Editor in 1.26 ms, found 6 plugins.
Preloading 0 native plugins for Editor in 0.00 ms.
CreateSerializedAsset is not supported while importing out-of-process
UnityEngine.StackTraceUtility:ExtractStackTrace ()
AC.ACEditorPrefs:GetOrCreateSettings () (at Assets/Extra Assets/AdventureCreator/Scripts/Managers/ACEditorPrefs.cs:96)
AC.ACEditorPrefs:get_DisableInstaller () (at Assets/Extra Assets/AdventureCreator/Scripts/Managers/ACEditorPrefs.cs:334)
AC.ACInstaller:IsInstalled () (at Assets/Extra Assets/AdventureCreator/Scripts/Managers/Editor/ACInstaller.cs:37)
AC.ACInstaller:CheckInstall () (at Assets/Extra Assets/AdventureCreator/Scripts/Managers/Editor/ACInstaller.cs:52)
AC.ACInstaller:.cctor () (at Assets/Extra Assets/AdventureCreator/Scripts/Managers/Editor/ACInstaller.cs:31)
System.Runtime.CompilerServices.RuntimeHelpers:RunClassConstructor (System.RuntimeTypeHandle)
UnityEditor.EditorAssemblies:ProcessInitializeOnLoadAttributes (System.Type[])

[Assets/Extra Assets/AdventureCreator/Scripts/Managers/ACEditorPrefs.cs line 96]

UnityEngine.UnityException: Creating asset at path Assets/AdventureCreator/Editor/ACEditorPrefs.asset failed.
  at (wrapper managed-to-native) UnityEditor.AssetDatabase.CreateAsset(UnityEngine.Object,string)
  at AC.ACEditorPrefs.GetOrCreateSettings () [0x00115] in C:\GamePrototype\The Son Within\TheSonWithin_GIT\The Son Within\Assets\Extra Assets\AdventureCreator\Scripts\Managers\ACEditorPrefs.cs:96 
  at AC.ACEditorPrefs.get_DisableInstaller () [0x00000] in C:\GamePrototype\The Son Within\TheSonWithin_GIT\The Son Within\Assets\Extra Assets\AdventureCreator\Scripts\Managers\ACEditorPrefs.cs:334 
  at AC.ACInstaller.IsInstalled () [0x00000] in C:\GamePrototype\The Son Within\TheSonWithin_GIT\The Son Within\Assets\Extra Assets\AdventureCreator\Scripts\Managers\Editor\ACInstaller.cs:37 
  at AC.ACInstaller.CheckInstall () [0x00000] in C:\GamePrototype\The Son Within\TheSonWithin_GIT\The Son Within\Assets\Extra Assets\AdventureCreator\Scripts\Managers\Editor\ACInstaller.cs:52 
  at AC.ACInstaller..cctor () [0x00000] in C:\GamePrototype\The Son Within\TheSonWithin_GIT\The Son Within\Assets\Extra Assets\AdventureCreator\Scripts\Managers\Editor\ACInstaller.cs:31 
UnityEngine.StackTraceUtility:ExtractStackTrace ()
UnityEngine.DebugLogHandler:LogFormat (UnityEngine.LogType,UnityEngine.Object,string,object[])
UnityEngine.Logger:Log (UnityEngine.LogType,object)
UnityEngine.Debug:LogError (object)
UnityEditor.EditorAssemblies:ProcessInitializeOnLoadAttributes (System.Type[])

Mono: successfully reloaded assembly
- Completed reload, in  1.241 seconds
Domain Reload Profiling:
	ReloadAssembly (1242ms)
		BeginReloadAssembly (163ms)
			ExecutionOrderSort (0ms)
			DisableScriptedObjects (7ms)
			BackupInstance (0ms)
			ReleaseScriptingObjects (0ms)
			CreateAndSetChildDomain (41ms)
		EndReloadAssembly (958ms)
			LoadAssemblies (116ms)
			RebuildTransferFunctionScriptingTraits (0ms)
			SetupTypeCache (314ms)
			ReleaseScriptCaches (2ms)
			RebuildScriptCaches (57ms)
			SetupLoadedEditorAssemblies (420ms)
				LogAssemblyErrors (0ms)
				InitializePlatformSupportModulesInManaged (16ms)
				SetLoadedEditorAssemblies (0ms)
				RefreshPlugins (1ms)
				BeforeProcessingInitializeOnLoad (100ms)
				ProcessInitializeOnLoadAttributes (258ms)
				ProcessInitializeOnLoadMethodAttributes (29ms)
				AfterProcessingInitializeOnLoad (15ms)
				EditorAssembliesLoaded (0ms)
			ExecutionOrderSort2 (0ms)
			AwakeInstancesAfterBackupRestoration (9ms)
Platform modules already initialized, skipping
Refreshing native plugins compatible for Editor in 1.50 ms, found 6 plugins.
Preloading 0 native plugins for Editor in 0.00 ms.
Unloading 4889 Unused Serialized files (Serialized files now loaded: 0)
Unloading 102 unused Assets / (6.5 MB). Loaded Objects now: 5362.
Memory consumption went from 201.7 MB to 195.2 MB.
Total: 6.084900 ms (FindLiveObjects: 0.821300 ms CreateObjectMapping: 0.230100 ms MarkObjects: 3.121800 ms  DeleteObjects: 1.909300 ms)

AssetImportParameters requested are different than current active one (requested -> active):
  custom:video-decoder-ogg-theora: a1e56fd34408186e4bbccfd4996cb3dc -> 
  custom:container-muxer-webm: aa71ff27fc2769a1b78a27578f13a17b -> 
  custom:container-demuxer-webm: 4f35f7cbe854078d1ac9338744f61a02 -> 
  custom:video-encoder-webm-vp8: eb34c28f22e8b96e1ab97ce403110664 -> 
  custom:audio-encoder-webm-vorbis: bf7c407c2cedff20999df2af8eb42d56 -> 
  custom:framework-win-MediaFoundation: 216162199b28c13a410421893ffa2e32 -> 
  custom:container-demuxer-ogg: 62fdf1f143b41e24485cea50d1cbac27 -> 
  custom:video-decoder-webm-vp8: 9c59270c3fd7afecdb556c50c9e8de78 -> 
  custom:audio-decoder-ogg-vorbis: bf7c407c2cedff20999df2af8eb42d56 -> 
========================================================================
Received Import Request.
  Time since last request: 14.804836 seconds.
  path: Assets/Extra Assets/AdventureCreator/Graphics/Textures/black.png
  artifactKey: Guid(2de7d16b4ac4b402182d4f2ca40e0b2d) Importer(815301076,1909f56bfc062723c751e8b465ee728b)
Start importing Assets/Extra Assets/AdventureCreator/Graphics/Textures/black.png using Guid(2de7d16b4ac4b402182d4f2ca40e0b2d) Importer(815301076,1909f56bfc062723c751e8b465ee728b)  -> (artifact id: 'a9767e67088680d04fab8bfa958824bc') in 0.070952 seconds 
========================================================================
Received Import Request.
  Time since last request: 3.378335 seconds.
  path: Assets/AdventureCreator/Downloads/Gabriel Knight conversations/Graphics/portraits/portrait-thief.jpg
  artifactKey: Guid(aca030d7da52045a88933704144c6019) Importer(815301076,1909f56bfc062723c751e8b465ee728b)
Start importing Assets/AdventureCreator/Downloads/Gabriel Knight conversations/Graphics/portraits/portrait-thief.jpg using Guid(aca030d7da52045a88933704144c6019) Importer(815301076,1909f56bfc062723c751e8b465ee728b)  -> (artifact id: '5f0e977af799ef6a58aa4658415f336b') in 0.041900 seconds 
========================================================================
Received Import Request.
  Time since last request: 17.778947 seconds.
  path: Assets/AdventureCreator/Downloads/Gabriel Knight conversations/Graphics/portraits/portrait-priest.jpg
  artifactKey: Guid(eeb1d6026d207438eb37f0a814a3241a) Importer(815301076,1909f56bfc062723c751e8b465ee728b)
Start importing Assets/AdventureCreator/Downloads/Gabriel Knight conversations/Graphics/portraits/portrait-priest.jpg using Guid(eeb1d6026d207438eb37f0a814a3241a) Importer(815301076,1909f56bfc062723c751e8b465ee728b)  -> (artifact id: '701c65116874767ad3823d581d2f117c') in 0.010317 seconds 
========================================================================
Received Import Request.
  Time since last request: 36.085721 seconds.
  path: Assets/AdventureCreator/Downloads/Gabriel Knight conversations/Readme.pdf
  artifactKey: Guid(151d8a6ba5d394abda37fa1758c60831) Importer(815301076,1909f56bfc062723c751e8b465ee728b)
Start importing Assets/AdventureCreator/Downloads/Gabriel Knight conversations/Readme.pdf using Guid(151d8a6ba5d394abda37fa1758c60831) Importer(815301076,1909f56bfc062723c751e8b465ee728b)  -> (artifact id: '11a76aaec0e0cb24de16411828e17206') in 0.005222 seconds 
========================================================================
Received Import Request.
  Time since last request: 14513.261169 seconds.
  path: Assets/Gizmos/StringAsset Icon.png
  artifactKey: Guid(4f2936fe28db54943a07b18c4366f96d) Importer(815301076,1909f56bfc062723c751e8b465ee728b)
Start importing Assets/Gizmos/StringAsset Icon.png using Guid(4f2936fe28db54943a07b18c4366f96d) Importer(815301076,1909f56bfc062723c751e8b465ee728b)  -> (artifact id: '79154261cb232a2add884e7fdabf1773') in 0.023863 seconds 
========================================================================
Received Prepare
Registering precompiled user dll's ...
Registered in 0.010296 seconds.
Begin MonoManager ReloadAssembly
Symbol file LoadedFromMemory doesn't match image C:\GamePrototype\The Son Within\TheSonWithin_GIT\The Son Within\Library\PackageCache\com.unity.visualscripting@1.7.6\Editor\VisualScripting.Core\Dependencies\DotNetZip\Unity.VisualScripting.IonicZip.dll
Symbol file LoadedFromMemory doesn't match image C:\GamePrototype\The Son Within\TheSonWithin_GIT\The Son Within\Library\PackageCache\com.unity.visualscripting@1.7.6\Editor\VisualScripting.Core\Dependencies\YamlDotNet\Unity.VisualScripting.YamlDotNet.dll
Native extension for WindowsStandalone target not found
Native extension for WebGL target not found
Refreshing native plugins compatible for Editor in 0.82 ms, found 4 plugins.
Preloading 0 native plugins for Editor in 0.00 ms.
Mono: successfully reloaded assembly
- Completed reload, in  1.209 seconds
Domain Reload Profiling:
	ReloadAssembly (1210ms)
		BeginReloadAssembly (188ms)
			ExecutionOrderSort (0ms)
			DisableScriptedObjects (7ms)
			BackupInstance (0ms)
			ReleaseScriptingObjects (0ms)
			CreateAndSetChildDomain (61ms)
		EndReloadAssembly (906ms)
			LoadAssemblies (108ms)
			RebuildTransferFunctionScriptingTraits (0ms)
			SetupTypeCache (286ms)
			ReleaseScriptCaches (3ms)
			RebuildScriptCaches (59ms)
			SetupLoadedEditorAssemblies (398ms)
				LogAssemblyErrors (0ms)
				InitializePlatformSupportModulesInManaged (17ms)
				SetLoadedEditorAssemblies (1ms)
				RefreshPlugins (1ms)
				BeforeProcessingInitializeOnLoad (102ms)
				ProcessInitializeOnLoadAttributes (232ms)
				ProcessInitializeOnLoadMethodAttributes (31ms)
				AfterProcessingInitializeOnLoad (15ms)
				EditorAssembliesLoaded (0ms)
			ExecutionOrderSort2 (0ms)
			AwakeInstancesAfterBackupRestoration (13ms)
Platform modules already initialized, skipping
Refreshing native plugins compatible for Editor in 0.77 ms, found 4 plugins.
Preloading 0 native plugins for Editor in 0.00 ms.
Unloading 3709 Unused Serialized files (Serialized files now loaded: 0)
Unloading 887 unused Assets / (174.2 KB). Loaded Objects now: 4575.
Memory consumption went from 168.6 MB to 168.4 MB.
Total: 4.645900 ms (FindLiveObjects: 0.566700 ms CreateObjectMapping: 0.162200 ms MarkObjects: 3.525700 ms  DeleteObjects: 0.389000 ms)

AssetImportParameters requested are different than current active one (requested -> active):
  custom:video-decoder-ogg-theora: a1e56fd34408186e4bbccfd4996cb3dc -> 
  custom:container-muxer-webm: aa71ff27fc2769a1b78a27578f13a17b -> 
  custom:container-demuxer-webm: 4f35f7cbe854078d1ac9338744f61a02 -> 
  custom:video-encoder-webm-vp8: eb34c28f22e8b96e1ab97ce403110664 -> 
  custom:audio-encoder-webm-vorbis: bf7c407c2cedff20999df2af8eb42d56 -> 
  custom:framework-win-MediaFoundation: 216162199b28c13a410421893ffa2e32 -> 
  custom:container-demuxer-ogg: 62fdf1f143b41e24485cea50d1cbac27 -> 
  custom:video-decoder-webm-vp8: 9c59270c3fd7afecdb556c50c9e8de78 -> 
  custom:audio-decoder-ogg-vorbis: bf7c407c2cedff20999df2af8eb42d56 -> 
========================================================================
Received Import Request.
  Time since last request: 32.262514 seconds.
  path: Assets/Editor/ACEditorPrefs.asset
  artifactKey: Guid(a5f33366ead6a00448dc509fba6ec12a) Importer(815301076,1909f56bfc062723c751e8b465ee728b)
Start importing Assets/Editor/ACEditorPrefs.asset using Guid(a5f33366ead6a00448dc509fba6ec12a) Importer(815301076,1909f56bfc062723c751e8b465ee728b)  -> (artifact id: 'cfc7acbcc5e55ccf61b6ae5850192714') in 0.013163 seconds 
========================================================================
Received Prepare
Registering precompiled user dll's ...
Registered in 0.009333 seconds.
Begin MonoManager ReloadAssembly
Symbol file LoadedFromMemory doesn't match image C:\GamePrototype\The Son Within\TheSonWithin_GIT\The Son Within\Library\PackageCache\com.unity.visualscripting@1.7.6\Editor\VisualScripting.Core\Dependencies\DotNetZip\Unity.VisualScripting.IonicZip.dll
Symbol file LoadedFromMemory doesn't match image C:\GamePrototype\The Son Within\TheSonWithin_GIT\The Son Within\Library\PackageCache\com.unity.visualscripting@1.7.6\Editor\VisualScripting.Core\Dependencies\YamlDotNet\Unity.VisualScripting.YamlDotNet.dll
Native extension for WindowsStandalone target not found
Native extension for WebGL target not found
Refreshing native plugins compatible for Editor in 0.55 ms, found 3 plugins.
Preloading 0 native plugins for Editor in 0.00 ms.
Mono: successfully reloaded assembly
- Completed reload, in  1.125 seconds
Domain Reload Profiling:
	ReloadAssembly (1126ms)
		BeginReloadAssembly (177ms)
			ExecutionOrderSort (0ms)
			DisableScriptedObjects (7ms)
			BackupInstance (0ms)
			ReleaseScriptingObjects (0ms)
			CreateAndSetChildDomain (41ms)
		EndReloadAssembly (831ms)
			LoadAssemblies (100ms)
			RebuildTransferFunctionScriptingTraits (0ms)
			SetupTypeCache (275ms)
			ReleaseScriptCaches (2ms)
			RebuildScriptCaches (44ms)
			SetupLoadedEditorAssemblies (370ms)
				LogAssemblyErrors (0ms)
				InitializePlatformSupportModulesInManaged (17ms)
				SetLoadedEditorAssemblies (0ms)
				RefreshPlugins (1ms)
				BeforeProcessingInitializeOnLoad (109ms)
				ProcessInitializeOnLoadAttributes (207ms)
				ProcessInitializeOnLoadMethodAttributes (22ms)
				AfterProcessingInitializeOnLoad (14ms)
				EditorAssembliesLoaded (0ms)
			ExecutionOrderSort2 (0ms)
			AwakeInstancesAfterBackupRestoration (14ms)
Platform modules already initialized, skipping
Refreshing native plugins compatible for Editor in 0.67 ms, found 3 plugins.
Preloading 0 native plugins for Editor in 0.00 ms.
Unloading 3212 Unused Serialized files (Serialized files now loaded: 0)
Unloading 238 unused Assets / (80.3 KB). Loaded Objects now: 4360.
Memory consumption went from 148.9 MB to 148.8 MB.
Total: 3.622800 ms (FindLiveObjects: 0.430500 ms CreateObjectMapping: 0.135200 ms MarkObjects: 2.812900 ms  DeleteObjects: 0.242700 ms)

AssetImportParameters requested are different than current active one (requested -> active):
  custom:video-decoder-ogg-theora: a1e56fd34408186e4bbccfd4996cb3dc -> 
  custom:container-muxer-webm: aa71ff27fc2769a1b78a27578f13a17b -> 
  custom:container-demuxer-webm: 4f35f7cbe854078d1ac9338744f61a02 -> 
  custom:video-encoder-webm-vp8: eb34c28f22e8b96e1ab97ce403110664 -> 
  custom:audio-encoder-webm-vorbis: bf7c407c2cedff20999df2af8eb42d56 -> 
  custom:framework-win-MediaFoundation: 216162199b28c13a410421893ffa2e32 -> 
  custom:container-demuxer-ogg: 62fdf1f143b41e24485cea50d1cbac27 -> 
  custom:video-decoder-webm-vp8: 9c59270c3fd7afecdb556c50c9e8de78 -> 
  custom:audio-decoder-ogg-vorbis: bf7c407c2cedff20999df2af8eb42d56 -> 
========================================================================
Received Prepare
Registering precompiled user dll's ...
Registered in 0.020656 seconds.
Begin MonoManager ReloadAssembly
Symbol file LoadedFromMemory doesn't match image C:\GamePrototype\The Son Within\TheSonWithin_GIT\The Son Within\Library\PackageCache\com.unity.visualscripting@1.7.6\Editor\VisualScripting.Core\Dependencies\DotNetZip\Unity.VisualScripting.IonicZip.dll
Symbol file LoadedFromMemory doesn't match image C:\GamePrototype\The Son Within\TheSonWithin_GIT\The Son Within\Library\PackageCache\com.unity.visualscripting@1.7.6\Editor\VisualScripting.Core\Dependencies\YamlDotNet\Unity.VisualScripting.YamlDotNet.dll
Native extension for WindowsStandalone target not found
Native extension for WebGL target not found
Refreshing native plugins compatible for Editor in 1.52 ms, found 6 plugins.
Preloading 0 native plugins for Editor in 0.00 ms.
CreateSerializedAsset is not supported while importing out-of-process
UnityEngine.StackTraceUtility:ExtractStackTrace ()
AC.ACEditorPrefs:GetOrCreateSettings () (at Assets/Extra Assets/AdventureCreator/Scripts/Managers/ACEditorPrefs.cs:96)
AC.ACEditorPrefs:get_DisableInstaller () (at Assets/Extra Assets/AdventureCreator/Scripts/Managers/ACEditorPrefs.cs:334)
AC.ACInstaller:IsInstalled () (at Assets/Extra Assets/AdventureCreator/Scripts/Managers/Editor/ACInstaller.cs:37)
AC.ACInstaller:CheckInstall () (at Assets/Extra Assets/AdventureCreator/Scripts/Managers/Editor/ACInstaller.cs:52)
AC.ACInstaller:.cctor () (at Assets/Extra Assets/AdventureCreator/Scripts/Managers/Editor/ACInstaller.cs:31)
System.Runtime.CompilerServices.RuntimeHelpers:RunClassConstructor (System.RuntimeTypeHandle)
UnityEditor.EditorAssemblies:ProcessInitializeOnLoadAttributes (System.Type[])

[Assets/Extra Assets/AdventureCreator/Scripts/Managers/ACEditorPrefs.cs line 96]

UnityEngine.UnityException: Creating asset at path Assets/AdventureCreator/Editor/ACEditorPrefs.asset failed.
  at (wrapper managed-to-native) UnityEditor.AssetDatabase.CreateAsset(UnityEngine.Object,string)
  at AC.ACEditorPrefs.GetOrCreateSettings () [0x00115] in C:\GamePrototype\The Son Within\TheSonWithin_GIT\The Son Within\Assets\Extra Assets\AdventureCreator\Scripts\Managers\ACEditorPrefs.cs:96 
  at AC.ACEditorPrefs.get_DisableInstaller () [0x00000] in C:\GamePrototype\The Son Within\TheSonWithin_GIT\The Son Within\Assets\Extra Assets\AdventureCreator\Scripts\Managers\ACEditorPrefs.cs:334 
  at AC.ACInstaller.IsInstalled () [0x00000] in C:\GamePrototype\The Son Within\TheSonWithin_GIT\The Son Within\Assets\Extra Assets\AdventureCreator\Scripts\Managers\Editor\ACInstaller.cs:37 
  at AC.ACInstaller.CheckInstall () [0x00000] in C:\GamePrototype\The Son Within\TheSonWithin_GIT\The Son Within\Assets\Extra Assets\AdventureCreator\Scripts\Managers\Editor\ACInstaller.cs:52 
  at AC.ACInstaller..cctor () [0x00000] in C:\GamePrototype\The Son Within\TheSonWithin_GIT\The Son Within\Assets\Extra Assets\AdventureCreator\Scripts\Managers\Editor\ACInstaller.cs:31 
UnityEngine.StackTraceUtility:ExtractStackTrace ()
UnityEngine.DebugLogHandler:LogFormat (UnityEngine.LogType,UnityEngine.Object,string,object[])
UnityEngine.Logger:Log (UnityEngine.LogType,object)
UnityEngine.Debug:LogError (object)
UnityEditor.EditorAssemblies:ProcessInitializeOnLoadAttributes (System.Type[])

Mono: successfully reloaded assembly
- Completed reload, in  1.585 seconds
Domain Reload Profiling:
	ReloadAssembly (1599ms)
		BeginReloadAssembly (252ms)
			ExecutionOrderSort (0ms)
			DisableScriptedObjects (13ms)
			BackupInstance (0ms)
			ReleaseScriptingObjects (0ms)
			CreateAndSetChildDomain (59ms)
		EndReloadAssembly (1151ms)
			LoadAssemblies (193ms)
			RebuildTransferFunctionScriptingTraits (0ms)
			SetupTypeCache (426ms)
			ReleaseScriptCaches (2ms)
			RebuildScriptCaches (64ms)
			SetupLoadedEditorAssemblies (441ms)
				LogAssemblyErrors (0ms)
				InitializePlatformSupportModulesInManaged (18ms)
				SetLoadedEditorAssemblies (1ms)
				RefreshPlugins (2ms)
				BeforeProcessingInitializeOnLoad (105ms)
				ProcessInitializeOnLoadAttributes (264ms)
				ProcessInitializeOnLoadMethodAttributes (31ms)
				AfterProcessingInitializeOnLoad (19ms)
				EditorAssembliesLoaded (0ms)
			ExecutionOrderSort2 (0ms)
			AwakeInstancesAfterBackupRestoration (13ms)
Platform modules already initialized, skipping
Refreshing native plugins compatible for Editor in 1.66 ms, found 6 plugins.
Preloading 0 native plugins for Editor in 0.00 ms.
Unloading 4893 Unused Serialized files (Serialized files now loaded: 0)
Unloading 102 unused Assets / (6.6 MB). Loaded Objects now: 5457.
Memory consumption went from 202.6 MB to 196.0 MB.
Total: 5.662200 ms (FindLiveObjects: 0.571800 ms CreateObjectMapping: 0.171300 ms MarkObjects: 2.987600 ms  DeleteObjects: 1.929700 ms)

AssetImportParameters requested are different than current active one (requested -> active):
  custom:video-decoder-ogg-theora: a1e56fd34408186e4bbccfd4996cb3dc -> 
  custom:container-muxer-webm: aa71ff27fc2769a1b78a27578f13a17b -> 
  custom:container-demuxer-webm: 4f35f7cbe854078d1ac9338744f61a02 -> 
  custom:video-encoder-webm-vp8: eb34c28f22e8b96e1ab97ce403110664 -> 
  custom:audio-encoder-webm-vorbis: bf7c407c2cedff20999df2af8eb42d56 -> 
  custom:framework-win-MediaFoundation: 216162199b28c13a410421893ffa2e32 -> 
  custom:container-demuxer-ogg: 62fdf1f143b41e24485cea50d1cbac27 -> 
  custom:video-decoder-webm-vp8: 9c59270c3fd7afecdb556c50c9e8de78 -> 
  custom:audio-decoder-ogg-vorbis: bf7c407c2cedff20999df2af8eb42d56 -> 
========================================================================
Received Import Request.
  Time since last request: 615.172244 seconds.
  path: Assets/Editor/ACEditorPrefs.asset
  artifactKey: Guid(a5f33366ead6a00448dc509fba6ec12a) Importer(815301076,1909f56bfc062723c751e8b465ee728b)
Start importing Assets/Editor/ACEditorPrefs.asset using Guid(a5f33366ead6a00448dc509fba6ec12a) Importer(815301076,1909f56bfc062723c751e8b465ee728b)  -> (artifact id: '398978905805a50a3afdfc10603556a0') in 0.021905 seconds 
========================================================================
Received Import Request.
  Time since last request: 0.000024 seconds.
  path: Assets/Gizmos/TextTable Icon.png
  artifactKey: Guid(f043073205c249748ae651e1518ced37) Importer(815301076,1909f56bfc062723c751e8b465ee728b)
Start importing Assets/Gizmos/TextTable Icon.png using Guid(f043073205c249748ae651e1518ced37) Importer(815301076,1909f56bfc062723c751e8b465ee728b)  -> (artifact id: 'f8f0333dbdedd03a3a3cd16782630a61') in 0.028871 seconds 
========================================================================
Received Prepare
Registering precompiled user dll's ...
Registered in 0.012081 seconds.
Begin MonoManager ReloadAssembly
Symbol file LoadedFromMemory doesn't match image C:\GamePrototype\The Son Within\TheSonWithin_GIT\The Son Within\Library\PackageCache\com.unity.visualscripting@1.7.6\Editor\VisualScripting.Core\Dependencies\DotNetZip\Unity.VisualScripting.IonicZip.dll
Symbol file LoadedFromMemory doesn't match image C:\GamePrototype\The Son Within\TheSonWithin_GIT\The Son Within\Library\PackageCache\com.unity.visualscripting@1.7.6\Editor\VisualScripting.Core\Dependencies\YamlDotNet\Unity.VisualScripting.YamlDotNet.dll
Native extension for WindowsStandalone target not found
Native extension for WebGL target not found
Refreshing native plugins compatible for Editor in 0.79 ms, found 4 plugins.
Preloading 0 native plugins for Editor in 0.00 ms.
Mono: successfully reloaded assembly
- Completed reload, in  1.250 seconds
Domain Reload Profiling:
	ReloadAssembly (1250ms)
		BeginReloadAssembly (183ms)
			ExecutionOrderSort (0ms)
			DisableScriptedObjects (7ms)
			BackupInstance (0ms)
			ReleaseScriptingObjects (0ms)
			CreateAndSetChildDomain (44ms)
		EndReloadAssembly (937ms)
			LoadAssemblies (114ms)
			RebuildTransferFunctionScriptingTraits (0ms)
			SetupTypeCache (293ms)
			ReleaseScriptCaches (3ms)
			RebuildScriptCaches (60ms)
			SetupLoadedEditorAssemblies (409ms)
				LogAssemblyErrors (0ms)
				InitializePlatformSupportModulesInManaged (17ms)
				SetLoadedEditorAssemblies (1ms)
				RefreshPlugins (1ms)
				BeforeProcessingInitializeOnLoad (104ms)
				ProcessInitializeOnLoadAttributes (238ms)
				ProcessInitializeOnLoadMethodAttributes (32ms)
				AfterProcessingInitializeOnLoad (16ms)
				EditorAssembliesLoaded (0ms)
			ExecutionOrderSort2 (0ms)
			AwakeInstancesAfterBackupRestoration (15ms)
Platform modules already initialized, skipping
Refreshing native plugins compatible for Editor in 0.80 ms, found 4 plugins.
Preloading 0 native plugins for Editor in 0.00 ms.
Unloading 3709 Unused Serialized files (Serialized files now loaded: 0)
Unloading 887 unused Assets / (179.2 KB). Loaded Objects now: 4624.
Memory consumption went from 169.5 MB to 169.4 MB.
Total: 4.030700 ms (FindLiveObjects: 0.447000 ms CreateObjectMapping: 0.161800 ms MarkObjects: 2.919900 ms  DeleteObjects: 0.501000 ms)

AssetImportParameters requested are different than current active one (requested -> active):
  custom:video-decoder-ogg-theora: a1e56fd34408186e4bbccfd4996cb3dc -> 
  custom:container-muxer-webm: aa71ff27fc2769a1b78a27578f13a17b -> 
  custom:container-demuxer-webm: 4f35f7cbe854078d1ac9338744f61a02 -> 
  custom:video-encoder-webm-vp8: eb34c28f22e8b96e1ab97ce403110664 -> 
  custom:audio-encoder-webm-vorbis: bf7c407c2cedff20999df2af8eb42d56 -> 
  custom:framework-win-MediaFoundation: 216162199b28c13a410421893ffa2e32 -> 
  custom:container-demuxer-ogg: 62fdf1f143b41e24485cea50d1cbac27 -> 
  custom:video-decoder-webm-vp8: 9c59270c3fd7afecdb556c50c9e8de78 -> 
  custom:audio-decoder-ogg-vorbis: bf7c407c2cedff20999df2af8eb42d56 -> 
